<?xml version="1.0" encoding="UTF-8"?>
<!-- Generated by org.testng.reporters.JUnitReportReporter -->
<testsuite hostname="RLE0210" name="RL.PageLoadCC.TestCC" tests="1" failures="0" timestamp="23 Mar 2018 08:58:18 GMT" time="25.826" errors="0">
  <testcase name="TestCommandCenter" time="25.826" classname="RL.PageLoadCC.TestCC"/>
</testsuite> <!-- RL.PageLoadCC.TestCC -->
