<?xml version="1.0" encoding="UTF-8"?>
<!-- Generated by org.testng.reporters.JUnitReportReporter -->
<testsuite hostname="RLE0210" name="RL.PageLoad.TestCC" tests="1" failures="0" timestamp="4 Apr 2018 11:39:42 GMT" time="66.246" errors="0">
  <testcase name="TestCommandCenter" time="66.246" classname="RL.PageLoad.TestCC"/>
</testsuite> <!-- RL.PageLoad.TestCC -->
