<?xml version="1.0" encoding="UTF-8"?>
<!-- Generated by org.testng.reporters.JUnitReportReporter -->
<testsuite hostname="RLE0210" name="RL.PageLoad.TestCatalyst" tests="1" failures="0" timestamp="4 Apr 2018 11:39:42 GMT" time="101.544" errors="0">
  <testcase name="TestCatalystPageLoad" time="101.544" classname="RL.PageLoad.TestCatalyst"/>
</testsuite> <!-- RL.PageLoad.TestCatalyst -->
